<?xml version='1.0' encoding='UTF-8'?>
<testsuite name="bzt_pass_fail" package="bzt">
  <testcase classname="Taurus Demo" name="avg-rt of home&gt;400ms for 100s">
    <system-out>BlazeMeter report link: https://a.blazemeter.com/app/#reports/r-ext-57056011b44e7
</system-out>
  </testcase>
  <testcase classname="Taurus Demo" name="avg-rt of reserve&gt;30ms for 100s">
    <system-out>BlazeMeter report link: https://a.blazemeter.com/app/#reports/r-ext-57056011b44e7
</system-out>
  </testcase>
</testsuite>
