<?xml version='1.0' encoding='UTF-8'?>
<testsuite name="bzt_pass_fail" package="bzt">
  <testcase classname="bzt-283352801" name="avg-rt of homepage2&gt;400ms for 10s"/>
  <testcase classname="bzt-283352801" name="avg-rt of confirmation&gt;30ms for 10s">
    <error message="" type="pass/fail criteria triggered"/>
  </testcase>
  <testcase classname="bzt-283352801" name="fail of  &gt;10%"/>
</testsuite>
